<?xml version="1.0" encoding="UTF-8"?>
<!-- Generated by org.testng.reporters.JUnitXMLReporter -->
<testsuite ignored="0" hostname="DELL-C0HKRC2" failures="0" tests="5" name="Test" time="50.596" errors="0" timestamp="2021-08-06T20:27:32 ART">
  <testcase classname="pruebas.Laboratorio4_E1" name="login" time="10.268"/>
  <testcase classname="pruebas.Laboratorio4_E1" name="login" time="9.976"/>
  <testcase classname="pruebas.Laboratorio4_E1" name="login" time="8.324"/>
  <testcase classname="pruebas.Laboratorio4_E1" name="login" time="10.346"/>
  <testcase classname="pruebas.Laboratorio4_E1" name="login" time="10.188"/>
</testsuite> <!-- Test -->
